<?xml version="1.0" encoding="UTF-8"?>
<!-- Generated by org.testng.reporters.JUnitReportReporter -->
<testsuite hostname="LAPTOP-84FNTHD7" failures="0" tests="1" name="test_Scripts.SigninWith_FB" time="30.022" errors="0" timestamp="2022-11-30T23:05:23 IST" skipped="0">
  <testcase classname="test_Scripts.SigninWith_FB" name="testScript4" time="30.022"/>
  <system-out/>
</testsuite> <!-- test_Scripts.SigninWith_FB -->
